<?xml version="1.0" encoding="UTF-8"?>
<!-- Generated by org.testng.reporters.JUnitReportReporter -->
<testsuite hostname="DESKTOP-SH3BACH" failures="0" tests="7" name="TestCases" time="0.483" errors="0" timestamp="2024-06-12T18:54:19 EET" skipped="0">
  <testcase classname="TestCases" name="VerifyDefulatCurrency" time="0.112"/>
  <system-out/>
  <testcase classname="TestCases" name="verifyContactNumber" time="0.077"/>
  <system-out/>
  <testcase classname="TestCases" name="verifyQetafLogo" time="0.055"/>
  <system-out/>
  <testcase classname="TestCases" name="verifyDefualtFlightReturn" time="0.054"/>
  <system-out/>
  <testcase classname="TestCases" name="verifyFlightDeparture" time="0.063"/>
  <system-out/>
  <testcase classname="TestCases" name="verifyHotelsTabNotSelectedByDefualt" time="0.047"/>
  <system-out/>
  <testcase classname="TestCases" name="verifyDefualtLanguage" time="0.075"/>
  <system-out/>
</testsuite> <!-- TestCases -->
