<?xml version="1.0" encoding="UTF-8"?>
<!-- Generated by org.testng.reporters.JUnitReportReporter -->
<testsuite hostname="DESKTOP-SH3BACH" failures="0" tests="10" name="TestCases" time="24.419" errors="0" timestamp="2024-07-02T18:49:30 EET" skipped="6">
  <testcase classname="TestCases" name="verifyThatTheLanguageChanged" time="2.636"/>
  <system-out/>
  <testcase classname="TestCases" name="switchtoHotelTabAndSetLocation" time="0.261"/>
  <system-out/>
  <testcase classname="TestCases" name="selectNumOfVistorandRoom" time="5.332"/>
  <system-out/>
  <testcase classname="TestCases" name="waitLoadingFullyComplete" time="16.190"/>
  <system-out/>
  <testcase classname="TestCases" name="verifyHotelsTabNotSelectedByDefualt">
    <skipped/>
  </testcase> <!-- verifyHotelsTabNotSelectedByDefualt -->
  <system-out/>
  <testcase classname="TestCases" name="VerifyDefulatCurrency">
    <skipped/>
  </testcase> <!-- VerifyDefulatCurrency -->
  <system-out/>
  <testcase classname="TestCases" name="verifyQetafLogo">
    <skipped/>
  </testcase> <!-- verifyQetafLogo -->
  <system-out/>
  <testcase classname="TestCases" name="verifyContactNumber">
    <skipped/>
  </testcase> <!-- verifyContactNumber -->
  <system-out/>
  <testcase classname="TestCases" name="verifyFlightDeparture">
    <skipped/>
  </testcase> <!-- verifyFlightDeparture -->
  <system-out/>
  <testcase classname="TestCases" name="verifyDefualtLanguage">
    <skipped/>
  </testcase> <!-- verifyDefualtLanguage -->
  <system-out/>
</testsuite> <!-- TestCases -->
